[2021-10-19 14:34:12.071] [info] Loaded model OneDof_KneeFl from file C:\MyCloud\GitHub\Muscle_Tendon_Passive_Parameter_Estimation\Parameterestimation\..\ModelGenerator\OneDOF_Knee_DeGroote.osim
[2021-10-19 14:34:12.075] [warning] Couldn't find file 'r_pelvis.vtp'.
[2021-10-19 14:34:12.075] [warning] Couldn't find file 'l_pelvis.vtp'.
[2021-10-19 14:34:12.076] [warning] Couldn't find file 'sacrum.vtp'.
[2021-10-19 14:34:12.076] [warning] Couldn't find file 'r_femur.vtp'.
[2021-10-19 14:34:12.076] [warning] Couldn't find file 'r_tibia.vtp'.
[2021-10-19 14:34:12.076] [warning] Couldn't find file 'r_fibula.vtp'.
[2021-10-19 14:34:12.077] [warning] Couldn't find file 'r_patella.vtp'.
[2021-10-19 14:34:12.077] [warning] Couldn't find file 'r_talus.vtp'.
[2021-10-19 14:34:12.077] [warning] Couldn't find file 'r_foot.vtp'.
[2021-10-19 14:34:12.078] [warning] Couldn't find file 'r_bofoot.vtp'.
[2021-10-19 14:34:59.483] [info] Loaded model OneDof_KneeFl from file C:\MyCloud\GitHub\Muscle_Tendon_Passive_Parameter_Estimation\Parameterestimation\..\ModelGenerator\OneDOF_Knee_DeGroote.osim
[2021-10-19 14:34:59.484] [warning] Couldn't find file 'r_pelvis.vtp'.
[2021-10-19 14:34:59.485] [warning] Couldn't find file 'l_pelvis.vtp'.
[2021-10-19 14:34:59.485] [warning] Couldn't find file 'sacrum.vtp'.
[2021-10-19 14:34:59.485] [warning] Couldn't find file 'r_femur.vtp'.
[2021-10-19 14:34:59.485] [warning] Couldn't find file 'r_tibia.vtp'.
[2021-10-19 14:34:59.486] [warning] Couldn't find file 'r_fibula.vtp'.
[2021-10-19 14:34:59.486] [warning] Couldn't find file 'r_patella.vtp'.
[2021-10-19 14:34:59.486] [warning] Couldn't find file 'r_talus.vtp'.
[2021-10-19 14:34:59.486] [warning] Couldn't find file 'r_foot.vtp'.
[2021-10-19 14:34:59.487] [warning] Couldn't find file 'r_bofoot.vtp'.
[2021-10-19 14:35:14.590] [cout] [info] Class name and absolute path name for descendants of 'bflh_r'that are of type Component:

[2021-10-19 14:35:14.591] [cout] [info]       DeGrooteFregly2016Muscle  /forceset/bflh_r
[2021-10-19 14:35:14.591] [cout] [info]                 [GeometryPath]          /geometrypath
[2021-10-19 14:35:14.591] [cout] [info]                    [PathPoint]              /bflh_r-P1
[2021-10-19 14:35:14.591] [cout] [info]                      [Station]                  /station
[2021-10-19 14:35:14.591] [cout] [info]                    [PathPoint]              /bflh_r-P2
[2021-10-19 14:35:14.591] [cout] [info]                      [Station]                  /station
[2021-10-19 14:35:14.591] [cout] [info]                    [PathPoint]              /bflh_r-P3
[2021-10-19 14:35:14.591] [cout] [info]                      [Station]                  /station
[2021-10-19 14:35:14.592] [cout] [info] 
[2021-10-19 14:37:13.848] [cout] [info] Inputs for component bflh_r of type [DeGrooteFregly2016Muscle] along with connectee paths: none
[2021-10-19 14:37:35.864] [cout] [info] Sockets for component bflh_r of type [DeGrooteFregly2016Muscle] along with connectee paths: none
[2021-10-19 14:55:13.180] [info] Loaded model OneDof_KneeFl from file subject_walk_armless_RLeg_justknee.osim
[2021-10-19 14:55:13.181] [warning] Couldn't find file 'r_pelvis.vtp'.
[2021-10-19 14:55:13.182] [warning] Couldn't find file 'l_pelvis.vtp'.
[2021-10-19 14:55:13.182] [warning] Couldn't find file 'sacrum.vtp'.
[2021-10-19 14:55:13.182] [warning] Couldn't find file 'r_femur.vtp'.
[2021-10-19 14:55:13.182] [warning] Couldn't find file 'r_tibia.vtp'.
[2021-10-19 14:55:13.183] [warning] Couldn't find file 'r_fibula.vtp'.
[2021-10-19 14:55:13.183] [warning] Couldn't find file 'r_patella.vtp'.
[2021-10-19 14:55:13.183] [warning] Couldn't find file 'r_talus.vtp'.
[2021-10-19 14:55:13.183] [warning] Couldn't find file 'r_foot.vtp'.
[2021-10-19 14:55:13.184] [warning] Couldn't find file 'r_bofoot.vtp'.
[2021-10-19 15:05:49.897] [info] Loaded model OneDof_KneeFl from file C:\MyCloud\GitHub\Muscle_Tendon_Passive_Parameter_Estimation\Parameterestimation\..\ModelGenerator\OneDOF_Knee_DeGroote.osim
[2021-10-19 15:05:49.898] [warning] Couldn't find file 'r_pelvis.vtp'.
[2021-10-19 15:05:49.898] [warning] Couldn't find file 'l_pelvis.vtp'.
[2021-10-19 15:05:49.898] [warning] Couldn't find file 'sacrum.vtp'.
[2021-10-19 15:05:49.899] [warning] Couldn't find file 'r_femur.vtp'.
[2021-10-19 15:05:49.899] [warning] Couldn't find file 'r_tibia.vtp'.
[2021-10-19 15:05:49.899] [warning] Couldn't find file 'r_fibula.vtp'.
[2021-10-19 15:05:49.899] [warning] Couldn't find file 'r_patella.vtp'.
[2021-10-19 15:05:49.900] [warning] Couldn't find file 'r_talus.vtp'.
[2021-10-19 15:05:49.900] [warning] Couldn't find file 'r_foot.vtp'.
[2021-10-19 15:05:49.900] [warning] Couldn't find file 'r_bofoot.vtp'.
[2021-10-19 15:21:10.283] [info] Loaded model OneDof_KneeFl from file C:\MyCloud\GitHub\Muscle_Tendon_Passive_Parameter_Estimation\Parameterestimation\..\ModelGenerator\OneDOF_Knee_DeGroote.osim
[2021-10-19 15:21:10.284] [warning] Couldn't find file 'r_pelvis.vtp'.
[2021-10-19 15:21:10.285] [warning] Couldn't find file 'l_pelvis.vtp'.
[2021-10-19 15:21:10.285] [warning] Couldn't find file 'sacrum.vtp'.
[2021-10-19 15:21:10.286] [warning] Couldn't find file 'r_femur.vtp'.
[2021-10-19 15:21:10.286] [warning] Couldn't find file 'r_tibia.vtp'.
[2021-10-19 15:21:10.286] [warning] Couldn't find file 'r_fibula.vtp'.
[2021-10-19 15:21:10.287] [warning] Couldn't find file 'r_patella.vtp'.
[2021-10-19 15:21:10.287] [warning] Couldn't find file 'r_talus.vtp'.
[2021-10-19 15:21:10.287] [warning] Couldn't find file 'r_foot.vtp'.
[2021-10-19 15:21:10.288] [warning] Couldn't find file 'r_bofoot.vtp'.
[2021-10-19 15:26:24.933] [info] Loaded model OneDof_KneeFl from file C:\MyCloud\GitHub\Muscle_Tendon_Passive_Parameter_Estimation\Parameterestimation\..\ModelGenerator\OneDOF_Knee_DeGroote.osim
[2021-10-19 15:26:24.934] [warning] Couldn't find file 'r_pelvis.vtp'.
[2021-10-19 15:26:24.934] [warning] Couldn't find file 'l_pelvis.vtp'.
[2021-10-19 15:26:24.935] [warning] Couldn't find file 'sacrum.vtp'.
[2021-10-19 15:26:24.935] [warning] Couldn't find file 'r_femur.vtp'.
[2021-10-19 15:26:24.935] [warning] Couldn't find file 'r_tibia.vtp'.
[2021-10-19 15:26:24.936] [warning] Couldn't find file 'r_fibula.vtp'.
[2021-10-19 15:26:24.936] [warning] Couldn't find file 'r_patella.vtp'.
[2021-10-19 15:26:24.936] [warning] Couldn't find file 'r_talus.vtp'.
[2021-10-19 15:26:24.936] [warning] Couldn't find file 'r_foot.vtp'.
[2021-10-19 15:26:24.937] [warning] Couldn't find file 'r_bofoot.vtp'.
[2021-10-19 15:32:55.555] [info] Loaded model OneDof_KneeFl from file C:\MyCloud\GitHub\Muscle_Tendon_Passive_Parameter_Estimation\Parameterestimation\..\ModelGenerator\OneDOF_Knee_DeGroote.osim
[2021-10-19 15:32:55.556] [warning] Couldn't find file 'r_pelvis.vtp'.
[2021-10-19 15:32:55.556] [warning] Couldn't find file 'l_pelvis.vtp'.
[2021-10-19 15:32:55.557] [warning] Couldn't find file 'sacrum.vtp'.
[2021-10-19 15:32:55.557] [warning] Couldn't find file 'r_femur.vtp'.
[2021-10-19 15:32:55.557] [warning] Couldn't find file 'r_tibia.vtp'.
[2021-10-19 15:32:55.558] [warning] Couldn't find file 'r_fibula.vtp'.
[2021-10-19 15:32:55.558] [warning] Couldn't find file 'r_patella.vtp'.
[2021-10-19 15:32:55.558] [warning] Couldn't find file 'r_talus.vtp'.
[2021-10-19 15:32:55.558] [warning] Couldn't find file 'r_foot.vtp'.
[2021-10-19 15:32:55.559] [warning] Couldn't find file 'r_bofoot.vtp'.
[2021-10-19 15:33:38.328] [info] Loaded model OneDof_KneeFl from file C:\MyCloud\GitHub\Muscle_Tendon_Passive_Parameter_Estimation\Parameterestimation\..\ModelGenerator\OneDOF_Knee_DeGroote.osim
[2021-10-19 15:33:38.329] [warning] Couldn't find file 'r_pelvis.vtp'.
[2021-10-19 15:33:38.329] [warning] Couldn't find file 'l_pelvis.vtp'.
[2021-10-19 15:33:38.329] [warning] Couldn't find file 'sacrum.vtp'.
[2021-10-19 15:33:38.330] [warning] Couldn't find file 'r_femur.vtp'.
[2021-10-19 15:33:38.330] [warning] Couldn't find file 'r_tibia.vtp'.
[2021-10-19 15:33:38.330] [warning] Couldn't find file 'r_fibula.vtp'.
[2021-10-19 15:33:38.331] [warning] Couldn't find file 'r_patella.vtp'.
[2021-10-19 15:33:38.331] [warning] Couldn't find file 'r_talus.vtp'.
[2021-10-19 15:33:38.331] [warning] Couldn't find file 'r_foot.vtp'.
[2021-10-19 15:33:38.332] [warning] Couldn't find file 'r_bofoot.vtp'.
[2021-10-19 15:33:47.194] [info] Loaded model OneDof_KneeFl from file C:\MyCloud\GitHub\Muscle_Tendon_Passive_Parameter_Estimation\Parameterestimation\..\ModelGenerator\OneDOF_Knee_DeGroote.osim
[2021-10-19 15:33:47.195] [warning] Couldn't find file 'r_pelvis.vtp'.
[2021-10-19 15:33:47.196] [warning] Couldn't find file 'l_pelvis.vtp'.
[2021-10-19 15:33:47.196] [warning] Couldn't find file 'sacrum.vtp'.
[2021-10-19 15:33:47.197] [warning] Couldn't find file 'r_femur.vtp'.
[2021-10-19 15:33:47.197] [warning] Couldn't find file 'r_tibia.vtp'.
[2021-10-19 15:33:47.197] [warning] Couldn't find file 'r_fibula.vtp'.
[2021-10-19 15:33:47.198] [warning] Couldn't find file 'r_patella.vtp'.
[2021-10-19 15:33:47.198] [warning] Couldn't find file 'r_talus.vtp'.
[2021-10-19 15:33:47.198] [warning] Couldn't find file 'r_foot.vtp'.
[2021-10-19 15:33:47.199] [warning] Couldn't find file 'r_bofoot.vtp'.
[2021-10-19 15:34:20.195] [info] Loaded model OneDof_KneeFl from file C:\MyCloud\GitHub\Muscle_Tendon_Passive_Parameter_Estimation\Parameterestimation\..\ModelGenerator\OneDOF_Knee_DeGroote.osim
[2021-10-19 15:34:20.197] [warning] Couldn't find file 'r_pelvis.vtp'.
[2021-10-19 15:34:20.197] [warning] Couldn't find file 'l_pelvis.vtp'.
[2021-10-19 15:34:20.197] [warning] Couldn't find file 'sacrum.vtp'.
[2021-10-19 15:34:20.198] [warning] Couldn't find file 'r_femur.vtp'.
[2021-10-19 15:34:20.198] [warning] Couldn't find file 'r_tibia.vtp'.
[2021-10-19 15:34:20.199] [warning] Couldn't find file 'r_fibula.vtp'.
[2021-10-19 15:34:20.199] [warning] Couldn't find file 'r_patella.vtp'.
[2021-10-19 15:34:20.199] [warning] Couldn't find file 'r_talus.vtp'.
[2021-10-19 15:34:20.200] [warning] Couldn't find file 'r_foot.vtp'.
[2021-10-19 15:34:20.200] [warning] Couldn't find file 'r_bofoot.vtp'.
[2021-10-19 15:34:28.173] [info] Loaded model OneDof_KneeFl from file C:\MyCloud\GitHub\Muscle_Tendon_Passive_Parameter_Estimation\Parameterestimation\..\ModelGenerator\OneDOF_Knee_DeGroote.osim
[2021-10-19 15:34:28.174] [warning] Couldn't find file 'r_pelvis.vtp'.
[2021-10-19 15:34:28.175] [warning] Couldn't find file 'l_pelvis.vtp'.
[2021-10-19 15:34:28.175] [warning] Couldn't find file 'sacrum.vtp'.
[2021-10-19 15:34:28.175] [warning] Couldn't find file 'r_femur.vtp'.
[2021-10-19 15:34:28.176] [warning] Couldn't find file 'r_tibia.vtp'.
[2021-10-19 15:34:28.176] [warning] Couldn't find file 'r_fibula.vtp'.
[2021-10-19 15:34:28.176] [warning] Couldn't find file 'r_patella.vtp'.
[2021-10-19 15:34:28.177] [warning] Couldn't find file 'r_talus.vtp'.
[2021-10-19 15:34:28.177] [warning] Couldn't find file 'r_foot.vtp'.
[2021-10-19 15:34:28.177] [warning] Couldn't find file 'r_bofoot.vtp'.
[2021-10-19 15:34:56.917] [info] Loaded model OneDof_KneeFl from file C:\MyCloud\GitHub\Muscle_Tendon_Passive_Parameter_Estimation\Parameterestimation\..\ModelGenerator\OneDOF_Knee_DeGroote.osim
[2021-10-19 15:34:56.918] [warning] Couldn't find file 'r_pelvis.vtp'.
[2021-10-19 15:34:56.918] [warning] Couldn't find file 'l_pelvis.vtp'.
[2021-10-19 15:34:56.919] [warning] Couldn't find file 'sacrum.vtp'.
[2021-10-19 15:34:56.919] [warning] Couldn't find file 'r_femur.vtp'.
[2021-10-19 15:34:56.919] [warning] Couldn't find file 'r_tibia.vtp'.
[2021-10-19 15:34:56.920] [warning] Couldn't find file 'r_fibula.vtp'.
[2021-10-19 15:34:56.920] [warning] Couldn't find file 'r_patella.vtp'.
[2021-10-19 15:34:56.920] [warning] Couldn't find file 'r_talus.vtp'.
[2021-10-19 15:34:56.921] [warning] Couldn't find file 'r_foot.vtp'.
[2021-10-19 15:34:56.921] [warning] Couldn't find file 'r_bofoot.vtp'.
[2021-10-19 15:35:24.637] [info] Loaded model OneDof_KneeFl from file C:\MyCloud\GitHub\Muscle_Tendon_Passive_Parameter_Estimation\Parameterestimation\..\ModelGenerator\OneDOF_Knee_DeGroote.osim
[2021-10-19 15:35:24.638] [warning] Couldn't find file 'r_pelvis.vtp'.
[2021-10-19 15:35:24.638] [warning] Couldn't find file 'l_pelvis.vtp'.
[2021-10-19 15:35:24.639] [warning] Couldn't find file 'sacrum.vtp'.
[2021-10-19 15:35:24.639] [warning] Couldn't find file 'r_femur.vtp'.
[2021-10-19 15:35:24.640] [warning] Couldn't find file 'r_tibia.vtp'.
[2021-10-19 15:35:24.640] [warning] Couldn't find file 'r_fibula.vtp'.
[2021-10-19 15:35:24.640] [warning] Couldn't find file 'r_patella.vtp'.
[2021-10-19 15:35:24.641] [warning] Couldn't find file 'r_talus.vtp'.
[2021-10-19 15:35:24.641] [warning] Couldn't find file 'r_foot.vtp'.
[2021-10-19 15:35:24.641] [warning] Couldn't find file 'r_bofoot.vtp'.
[2021-10-19 15:48:09.683] [info] Loaded model OneDof_KneeFl from file C:\MyCloud\GitHub\Muscle_Tendon_Passive_Parameter_Estimation\Parameterestimation\..\ModelGenerator\OneDOF_Knee_DeGroote.osim
[2021-10-19 15:48:09.685] [warning] Couldn't find file 'r_pelvis.vtp'.
[2021-10-19 15:48:09.685] [warning] Couldn't find file 'l_pelvis.vtp'.
[2021-10-19 15:48:09.685] [warning] Couldn't find file 'sacrum.vtp'.
[2021-10-19 15:48:09.686] [warning] Couldn't find file 'r_femur.vtp'.
[2021-10-19 15:48:09.686] [warning] Couldn't find file 'r_tibia.vtp'.
[2021-10-19 15:48:09.687] [warning] Couldn't find file 'r_fibula.vtp'.
[2021-10-19 15:48:09.687] [warning] Couldn't find file 'r_patella.vtp'.
[2021-10-19 15:48:09.687] [warning] Couldn't find file 'r_talus.vtp'.
[2021-10-19 15:48:09.688] [warning] Couldn't find file 'r_foot.vtp'.
[2021-10-19 15:48:09.688] [warning] Couldn't find file 'r_bofoot.vtp'.
[2021-10-19 15:51:56.753] [info] Loaded model OneDof_KneeFl from file C:\MyCloud\GitHub\Muscle_Tendon_Passive_Parameter_Estimation\Parameterestimation\..\ModelGenerator\OneDOF_Knee_DeGroote.osim
[2021-10-19 15:51:56.755] [warning] Couldn't find file 'r_pelvis.vtp'.
[2021-10-19 15:51:56.755] [warning] Couldn't find file 'l_pelvis.vtp'.
[2021-10-19 15:51:56.756] [warning] Couldn't find file 'sacrum.vtp'.
[2021-10-19 15:51:56.756] [warning] Couldn't find file 'r_femur.vtp'.
[2021-10-19 15:51:56.756] [warning] Couldn't find file 'r_tibia.vtp'.
[2021-10-19 15:51:56.757] [warning] Couldn't find file 'r_fibula.vtp'.
[2021-10-19 15:51:56.757] [warning] Couldn't find file 'r_patella.vtp'.
[2021-10-19 15:51:56.758] [warning] Couldn't find file 'r_talus.vtp'.
[2021-10-19 15:51:56.758] [warning] Couldn't find file 'r_foot.vtp'.
[2021-10-19 15:51:56.758] [warning] Couldn't find file 'r_bofoot.vtp'.
[2021-10-19 15:53:44.633] [info] Loaded model OneDof_KneeFl from file C:\MyCloud\GitHub\Muscle_Tendon_Passive_Parameter_Estimation\Parameterestimation\..\ModelGenerator\OneDOF_Knee_DeGroote.osim
[2021-10-19 15:53:44.634] [warning] Couldn't find file 'r_pelvis.vtp'.
[2021-10-19 15:53:44.634] [warning] Couldn't find file 'l_pelvis.vtp'.
[2021-10-19 15:53:44.635] [warning] Couldn't find file 'sacrum.vtp'.
[2021-10-19 15:53:44.635] [warning] Couldn't find file 'r_femur.vtp'.
[2021-10-19 15:53:44.636] [warning] Couldn't find file 'r_tibia.vtp'.
[2021-10-19 15:53:44.636] [warning] Couldn't find file 'r_fibula.vtp'.
[2021-10-19 15:53:44.637] [warning] Couldn't find file 'r_patella.vtp'.
[2021-10-19 15:53:44.637] [warning] Couldn't find file 'r_talus.vtp'.
[2021-10-19 15:53:44.637] [warning] Couldn't find file 'r_foot.vtp'.
[2021-10-19 15:53:44.638] [warning] Couldn't find file 'r_bofoot.vtp'.
[2021-10-19 15:53:58.370] [info] Loaded model OneDof_KneeFl from file C:\MyCloud\GitHub\Muscle_Tendon_Passive_Parameter_Estimation\Parameterestimation\..\ModelGenerator\OneDOF_Knee_DeGroote.osim
[2021-10-19 15:53:58.372] [warning] Couldn't find file 'r_pelvis.vtp'.
[2021-10-19 15:53:58.372] [warning] Couldn't find file 'l_pelvis.vtp'.
[2021-10-19 15:53:58.372] [warning] Couldn't find file 'sacrum.vtp'.
[2021-10-19 15:53:58.373] [warning] Couldn't find file 'r_femur.vtp'.
[2021-10-19 15:53:58.374] [warning] Couldn't find file 'r_tibia.vtp'.
[2021-10-19 15:53:58.374] [warning] Couldn't find file 'r_fibula.vtp'.
[2021-10-19 15:53:58.374] [warning] Couldn't find file 'r_patella.vtp'.
[2021-10-19 15:53:58.375] [warning] Couldn't find file 'r_talus.vtp'.
[2021-10-19 15:53:58.375] [warning] Couldn't find file 'r_foot.vtp'.
[2021-10-19 15:53:58.376] [warning] Couldn't find file 'r_bofoot.vtp'.
[2021-10-19 15:54:24.019] [info] Loaded model OneDof_KneeFl from file C:\MyCloud\GitHub\Muscle_Tendon_Passive_Parameter_Estimation\Parameterestimation\..\ModelGenerator\OneDOF_Knee_DeGroote.osim
[2021-10-19 15:54:24.021] [warning] Couldn't find file 'r_pelvis.vtp'.
[2021-10-19 15:54:24.021] [warning] Couldn't find file 'l_pelvis.vtp'.
[2021-10-19 15:54:24.022] [warning] Couldn't find file 'sacrum.vtp'.
[2021-10-19 15:54:24.022] [warning] Couldn't find file 'r_femur.vtp'.
[2021-10-19 15:54:24.022] [warning] Couldn't find file 'r_tibia.vtp'.
[2021-10-19 15:54:24.023] [warning] Couldn't find file 'r_fibula.vtp'.
[2021-10-19 15:54:24.023] [warning] Couldn't find file 'r_patella.vtp'.
[2021-10-19 15:54:24.024] [warning] Couldn't find file 'r_talus.vtp'.
[2021-10-19 15:54:24.024] [warning] Couldn't find file 'r_foot.vtp'.
[2021-10-19 15:54:24.025] [warning] Couldn't find file 'r_bofoot.vtp'.
[2021-10-19 15:54:47.131] [info] Loaded model OneDof_KneeFl from file C:\MyCloud\GitHub\Muscle_Tendon_Passive_Parameter_Estimation\Parameterestimation\..\ModelGenerator\OneDOF_Knee_DeGroote.osim
[2021-10-19 15:54:47.132] [warning] Couldn't find file 'r_pelvis.vtp'.
[2021-10-19 15:54:47.133] [warning] Couldn't find file 'l_pelvis.vtp'.
[2021-10-19 15:54:47.133] [warning] Couldn't find file 'sacrum.vtp'.
[2021-10-19 15:54:47.134] [warning] Couldn't find file 'r_femur.vtp'.
[2021-10-19 15:54:47.134] [warning] Couldn't find file 'r_tibia.vtp'.
[2021-10-19 15:54:47.135] [warning] Couldn't find file 'r_fibula.vtp'.
[2021-10-19 15:54:47.135] [warning] Couldn't find file 'r_patella.vtp'.
[2021-10-19 15:54:47.136] [warning] Couldn't find file 'r_talus.vtp'.
[2021-10-19 15:54:47.136] [warning] Couldn't find file 'r_foot.vtp'.
[2021-10-19 15:54:47.136] [warning] Couldn't find file 'r_bofoot.vtp'.
[2021-10-19 15:54:49.734] [warning] Cutoff frequency should be less than half sample frequency. Changing the cutoff frequency to 0.49*(Sample Frequency)...cutoff = 2.45
[2021-10-19 15:54:49.735] [warning] Cutoff frequency should be less than half sample frequency. Changing the cutoff frequency to 0.49*(Sample Frequency)...cutoff = 2.45
[2021-10-19 15:54:49.735] [warning] Cutoff frequency should be less than half sample frequency. Changing the cutoff frequency to 0.49*(Sample Frequency)...cutoff = 2.45
[2021-10-19 15:54:49.736] [warning] Cutoff frequency should be less than half sample frequency. Changing the cutoff frequency to 0.49*(Sample Frequency)...cutoff = 2.45
[2021-10-19 15:54:49.736] [warning] Cutoff frequency should be less than half sample frequency. Changing the cutoff frequency to 0.49*(Sample Frequency)...cutoff = 2.45
[2021-10-19 15:54:49.736] [warning] Cutoff frequency should be less than half sample frequency. Changing the cutoff frequency to 0.49*(Sample Frequency)...cutoff = 2.45
[2021-10-19 15:54:49.736] [warning] Cutoff frequency should be less than half sample frequency. Changing the cutoff frequency to 0.49*(Sample Frequency)...cutoff = 2.45
[2021-10-19 15:54:49.737] [warning] Cutoff frequency should be less than half sample frequency. Changing the cutoff frequency to 0.49*(Sample Frequency)...cutoff = 2.45
[2021-10-19 15:54:49.737] [warning] Cutoff frequency should be less than half sample frequency. Changing the cutoff frequency to 0.49*(Sample Frequency)...cutoff = 2.45
[2021-10-19 15:54:49.737] [warning] Cutoff frequency should be less than half sample frequency. Changing the cutoff frequency to 0.49*(Sample Frequency)...cutoff = 2.45
[2021-10-19 15:54:49.737] [warning] Cutoff frequency should be less than half sample frequency. Changing the cutoff frequency to 0.49*(Sample Frequency)...cutoff = 2.45
[2021-10-19 15:54:49.738] [warning] Cutoff frequency should be less than half sample frequency. Changing the cutoff frequency to 0.49*(Sample Frequency)...cutoff = 2.45
[2021-10-19 15:54:49.738] [warning] Cutoff frequency should be less than half sample frequency. Changing the cutoff frequency to 0.49*(Sample Frequency)...cutoff = 2.45
[2021-10-19 15:54:49.738] [warning] Cutoff frequency should be less than half sample frequency. Changing the cutoff frequency to 0.49*(Sample Frequency)...cutoff = 2.45
[2021-10-19 15:54:49.738] [warning] Cutoff frequency should be less than half sample frequency. Changing the cutoff frequency to 0.49*(Sample Frequency)...cutoff = 2.45
[2021-10-19 15:54:49.739] [warning] Cutoff frequency should be less than half sample frequency. Changing the cutoff frequency to 0.49*(Sample Frequency)...cutoff = 2.45
[2021-10-19 15:54:49.739] [warning] Cutoff frequency should be less than half sample frequency. Changing the cutoff frequency to 0.49*(Sample Frequency)...cutoff = 2.45
[2021-10-19 15:54:49.740] [warning] Cutoff frequency should be less than half sample frequency. Changing the cutoff frequency to 0.49*(Sample Frequency)...cutoff = 2.45
[2021-10-19 15:54:49.740] [warning] Cutoff frequency should be less than half sample frequency. Changing the cutoff frequency to 0.49*(Sample Frequency)...cutoff = 2.45
[2021-10-19 15:54:49.740] [warning] Cutoff frequency should be less than half sample frequency. Changing the cutoff frequency to 0.49*(Sample Frequency)...cutoff = 2.45
[2021-10-19 15:54:49.741] [warning] Cutoff frequency should be less than half sample frequency. Changing the cutoff frequency to 0.49*(Sample Frequency)...cutoff = 2.45
[2021-10-19 15:54:49.741] [warning] Cutoff frequency should be less than half sample frequency. Changing the cutoff frequency to 0.49*(Sample Frequency)...cutoff = 2.45
[2021-10-19 15:54:49.741] [warning] Cutoff frequency should be less than half sample frequency. Changing the cutoff frequency to 0.49*(Sample Frequency)...cutoff = 2.45
[2021-10-19 15:54:49.741] [warning] Cutoff frequency should be less than half sample frequency. Changing the cutoff frequency to 0.49*(Sample Frequency)...cutoff = 2.45
[2021-10-19 15:54:49.742] [warning] Cutoff frequency should be less than half sample frequency. Changing the cutoff frequency to 0.49*(Sample Frequency)...cutoff = 2.45
[2021-10-19 15:54:49.742] [warning] Cutoff frequency should be less than half sample frequency. Changing the cutoff frequency to 0.49*(Sample Frequency)...cutoff = 2.45
[2021-10-19 15:54:49.742] [warning] Cutoff frequency should be less than half sample frequency. Changing the cutoff frequency to 0.49*(Sample Frequency)...cutoff = 2.45
[2021-10-19 15:54:49.742] [warning] Cutoff frequency should be less than half sample frequency. Changing the cutoff frequency to 0.49*(Sample Frequency)...cutoff = 2.45
[2021-10-19 15:54:49.743] [warning] Cutoff frequency should be less than half sample frequency. Changing the cutoff frequency to 0.49*(Sample Frequency)...cutoff = 2.45
[2021-10-19 15:54:49.743] [warning] Cutoff frequency should be less than half sample frequency. Changing the cutoff frequency to 0.49*(Sample Frequency)...cutoff = 2.45
[2021-10-19 15:54:49.743] [warning] Cutoff frequency should be less than half sample frequency. Changing the cutoff frequency to 0.49*(Sample Frequency)...cutoff = 2.45
[2021-10-19 15:54:49.744] [warning] Cutoff frequency should be less than half sample frequency. Changing the cutoff frequency to 0.49*(Sample Frequency)...cutoff = 2.45
[2021-10-19 15:54:49.744] [warning] Cutoff frequency should be less than half sample frequency. Changing the cutoff frequency to 0.49*(Sample Frequency)...cutoff = 2.45
[2021-10-19 15:54:49.744] [warning] Cutoff frequency should be less than half sample frequency. Changing the cutoff frequency to 0.49*(Sample Frequency)...cutoff = 2.45
[2021-10-19 15:54:49.744] [warning] Cutoff frequency should be less than half sample frequency. Changing the cutoff frequency to 0.49*(Sample Frequency)...cutoff = 2.45
[2021-10-19 15:54:49.745] [warning] Cutoff frequency should be less than half sample frequency. Changing the cutoff frequency to 0.49*(Sample Frequency)...cutoff = 2.45
[2021-10-19 15:54:49.745] [warning] Cutoff frequency should be less than half sample frequency. Changing the cutoff frequency to 0.49*(Sample Frequency)...cutoff = 2.45
[2021-10-19 15:54:49.745] [warning] Cutoff frequency should be less than half sample frequency. Changing the cutoff frequency to 0.49*(Sample Frequency)...cutoff = 2.45
[2021-10-19 15:54:49.745] [warning] Cutoff frequency should be less than half sample frequency. Changing the cutoff frequency to 0.49*(Sample Frequency)...cutoff = 2.45
[2021-10-19 15:54:49.746] [warning] Cutoff frequency should be less than half sample frequency. Changing the cutoff frequency to 0.49*(Sample Frequency)...cutoff = 2.45
[2021-10-19 15:54:49.747] [warning] Cutoff frequency should be less than half sample frequency. Changing the cutoff frequency to 0.49*(Sample Frequency)...cutoff = 2.45
[2021-10-19 15:56:27.651] [info] Loaded model OneDof_KneeFl from file C:\MyCloud\GitHub\Muscle_Tendon_Passive_Parameter_Estimation\Parameterestimation\..\ModelGenerator\OneDOF_Knee_DeGroote.osim
[2021-10-19 15:56:27.652] [warning] Couldn't find file 'r_pelvis.vtp'.
[2021-10-19 15:56:27.653] [warning] Couldn't find file 'l_pelvis.vtp'.
[2021-10-19 15:56:27.653] [warning] Couldn't find file 'sacrum.vtp'.
[2021-10-19 15:56:27.654] [warning] Couldn't find file 'r_femur.vtp'.
[2021-10-19 15:56:27.654] [warning] Couldn't find file 'r_tibia.vtp'.
[2021-10-19 15:56:27.655] [warning] Couldn't find file 'r_fibula.vtp'.
[2021-10-19 15:56:27.655] [warning] Couldn't find file 'r_patella.vtp'.
[2021-10-19 15:56:27.655] [warning] Couldn't find file 'r_talus.vtp'.
[2021-10-19 15:56:27.656] [warning] Couldn't find file 'r_foot.vtp'.
[2021-10-19 15:56:27.656] [warning] Couldn't find file 'r_bofoot.vtp'.
[2021-10-19 15:56:46.797] [info] ========================================================================
[2021-10-19 15:56:46.798] [info] MocoCasADiSolver starting.
[2021-10-19 15:56:46.798] [info] 10/19/2021 3:56:46 PM
[2021-10-19 15:56:46.798] [info] ------------------------------------------------------------------------
[2021-10-19 15:56:46.798] [cout] [info] Costs: (total: 2)
[2021-10-19 15:56:46.799] [cout] [info]   state_tracking. MocoStateTrackingGoal, enabled: true, mode: cost, weight: 0.25
[2021-10-19 15:56:46.799] [cout] [info]         state: /jointset/hip_r/hip_flexion_r/value, weight: 0.0
[2021-10-19 15:56:46.799] [cout] [info]         state: /jointset/walker_knee_r/knee_angle_r/value, weight: 1.0
[2021-10-19 15:56:46.799] [cout] [info]         state: /jointset/patellofemoral_r/knee_angle_r_beta/value, weight: 0.0
[2021-10-19 15:56:46.800] [cout] [info]         state: /jointset/ankle_r/ankle_angle_r/value, weight: 0.0
[2021-10-19 15:56:46.800] [cout] [info]         state: /jointset/hip_r/hip_flexion_r/speed, weight: 0.0
[2021-10-19 15:56:46.800] [cout] [info]         state: /jointset/walker_knee_r/knee_angle_r/speed, weight: 0.000100000
[2021-10-19 15:56:46.801] [cout] [info]         state: /jointset/patellofemoral_r/knee_angle_r_beta/speed, weight: 0.0
[2021-10-19 15:56:46.801] [cout] [info]         state: /jointset/ankle_r/ankle_angle_r/speed, weight: 0.0
[2021-10-19 15:56:46.801] [cout] [info]         state: /forceset/bflh_r/normalized_tendon_force, weight: 1.0
[2021-10-19 15:56:46.801] [cout] [info]         state: /forceset/gaslat_r/normalized_tendon_force, weight: 1.0
[2021-10-19 15:56:46.802] [cout] [info]         state: /forceset/gasmed_r/normalized_tendon_force, weight: 1.0
[2021-10-19 15:56:46.802] [cout] [info]         state: /forceset/semimem_r/normalized_tendon_force, weight: 1.0
[2021-10-19 15:56:46.802] [cout] [info]         state: /forceset/semiten_r/normalized_tendon_force, weight: 1.0
[2021-10-19 15:56:46.803] [cout] [info]         state: /forceset/vasint_r/normalized_tendon_force, weight: 1.0
[2021-10-19 15:56:46.803] [cout] [info]         state: /forceset/vaslat_r/normalized_tendon_force, weight: 1.0
[2021-10-19 15:56:46.803] [cout] [info]         state: /forceset/vasmed_r/normalized_tendon_force, weight: 1.0
[2021-10-19 15:56:46.803] [cout] [info]   kneeControlTracking. MocoControlTrackingGoal, enabled: true, mode: cost, weight: 0.0909091
[2021-10-19 15:56:46.804] [cout] [info]         control: /forceset/bflh_r, reference label: /forceset/bflh_r, weight: 1.0
[2021-10-19 15:56:46.804] [cout] [info]         control: /forceset/bfsh_r, reference label: /forceset/bfsh_r, weight: 1.0
[2021-10-19 15:56:46.804] [cout] [info]         control: /forceset/gaslat_r, reference label: /forceset/gaslat_r, weight: 1.0
[2021-10-19 15:56:46.804] [cout] [info]         control: /forceset/gasmed_r, reference label: /forceset/gasmed_r, weight: 1.0
[2021-10-19 15:56:46.805] [cout] [info]         control: /forceset/knee_act, reference label: /forceset/knee_act, weight: 10.0
[2021-10-19 15:56:46.805] [cout] [info]         control: /forceset/sart_r, reference label: /forceset/sart_r, weight: 1.0
[2021-10-19 15:56:46.805] [cout] [info]         control: /forceset/semimem_r, reference label: /forceset/semimem_r, weight: 1.0
[2021-10-19 15:56:46.805] [cout] [info]         control: /forceset/semiten_r, reference label: /forceset/semiten_r, weight: 1.0
[2021-10-19 15:56:46.806] [cout] [info]         control: /forceset/vasint_r, reference label: /forceset/vasint_r, weight: 1.0
[2021-10-19 15:56:46.806] [cout] [info]         control: /forceset/vaslat_r, reference label: /forceset/vaslat_r, weight: 1.0
[2021-10-19 15:56:46.806] [cout] [info]         control: /forceset/vasmed_r, reference label: /forceset/vasmed_r, weight: 1.0
[2021-10-19 15:56:46.806] [cout] [info] Endpoint constraints: none
[2021-10-19 15:56:46.807] [cout] [info] Kinematic constraints: (total: 3)
[2021-10-19 15:56:46.807] [cout] [info]   kinematic_constraint_cid0. MocoConstraintInfo. number of scalar equations: 3. bounds: 0, 0, 0
[2021-10-19 15:56:46.807] [cout] [info]   kinematic_constraint_cid3. MocoConstraintInfo. number of scalar equations: 3. bounds: 0, 0, 0
[2021-10-19 15:56:46.807] [cout] [info]   kinematic_constraint_cid4. MocoConstraintInfo. number of scalar equations: 3. bounds: 0, 0, 0
[2021-10-19 15:56:46.808] [cout] [info] Path constraints: none
[2021-10-19 15:56:46.808] [cout] [info] States: (total: 16)
[2021-10-19 15:56:46.808] [cout] [info]   /jointset/walker_knee_r/knee_angle_r/value. bounds: [0, 1.6]
[2021-10-19 15:56:46.808] [cout] [info]   /forceset/bflh_r/normalized_tendon_force. bounds: [0, 5]
[2021-10-19 15:56:46.809] [cout] [info]   /forceset/gaslat_r/normalized_tendon_force. bounds: [0, 5]
[2021-10-19 15:56:46.809] [cout] [info]   /forceset/gasmed_r/normalized_tendon_force. bounds: [0, 5]
[2021-10-19 15:56:46.809] [cout] [info]   /forceset/semimem_r/normalized_tendon_force. bounds: [0, 5]
[2021-10-19 15:56:46.810] [cout] [info]   /forceset/semiten_r/normalized_tendon_force. bounds: [0, 5]
[2021-10-19 15:56:46.810] [cout] [info]   /forceset/vasint_r/normalized_tendon_force. bounds: [0, 5]
[2021-10-19 15:56:46.810] [cout] [info]   /forceset/vaslat_r/normalized_tendon_force. bounds: [0, 5]
[2021-10-19 15:56:46.810] [cout] [info]   /forceset/vasmed_r/normalized_tendon_force. bounds: [0, 5]
[2021-10-19 15:56:46.811] [cout] [info]   /jointset/ankle_r/ankle_angle_r/value. bounds: [-0.4, 0.4]
[2021-10-19 15:56:46.811] [cout] [info]   /jointset/hip_r/hip_flexion_r/value. bounds: [-0.523599, 2.0944]
[2021-10-19 15:56:46.811] [cout] [info]   /jointset/ankle_r/ankle_angle_r/speed. bounds: [-50, 50]
[2021-10-19 15:56:46.811] [cout] [info]   /jointset/hip_r/hip_flexion_r/speed. bounds: [-50, 50]
[2021-10-19 15:56:46.812] [cout] [info]   /jointset/walker_knee_r/knee_angle_r/speed. bounds: [-50, 50]
[2021-10-19 15:56:46.812] [cout] [info]   /jointset/patellofemoral_r/knee_angle_r_beta/value. bounds: [-99999.9, 99999.9]
[2021-10-19 15:56:46.812] [cout] [info]   /jointset/patellofemoral_r/knee_angle_r_beta/speed. bounds: [-50, 50]
[2021-10-19 15:56:46.813] [cout] [info] Controls: (total: 11)
[2021-10-19 15:56:46.813] [cout] [info]   /forceset/semiten_r. bounds: 0
[2021-10-19 15:56:46.813] [cout] [info]   /forceset/knee_act. bounds: [-1, 1]
[2021-10-19 15:56:46.813] [cout] [info]   /forceset/bflh_r. bounds: 0
[2021-10-19 15:56:46.814] [cout] [info]   /forceset/vaslat_r. bounds: 0
[2021-10-19 15:56:46.814] [cout] [info]   /forceset/bfsh_r. bounds: 0
[2021-10-19 15:56:46.814] [cout] [info]   /forceset/gaslat_r. bounds: 0
[2021-10-19 15:56:46.814] [cout] [info]   /forceset/gasmed_r. bounds: 0
[2021-10-19 15:56:46.815] [cout] [info]   /forceset/sart_r. bounds: 0
[2021-10-19 15:56:46.815] [cout] [info]   /forceset/semimem_r. bounds: 0
[2021-10-19 15:56:46.815] [cout] [info]   /forceset/vasint_r. bounds: 0
[2021-10-19 15:56:46.815] [cout] [info]   /forceset/vasmed_r. bounds: 0
[2021-10-19 15:56:46.816] [cout] [info] Parameters: (total: 10)
[2021-10-19 15:56:46.816] [cout] [info]   max_isometric_force_bflh_r. model property name: passive_fiber_strain_at_one_norm_force. component paths: /forceset/bflh_r. property element: n/a. bounds: [0.2, 0.8]
[2021-10-19 15:56:46.816] [cout] [info]   max_isometric_force_bfsh_r. model property name: passive_fiber_strain_at_one_norm_force. component paths: /forceset/bfsh_r. property element: n/a. bounds: [0.2, 0.8]
[2021-10-19 15:56:46.816] [cout] [info]   max_isometric_force_gaslat_r. model property name: passive_fiber_strain_at_one_norm_force. component paths: /forceset/gaslat_r. property element: n/a. bounds: [0.2, 0.8]
[2021-10-19 15:56:46.817] [cout] [info]   max_isometric_force_gasmed_r. model property name: passive_fiber_strain_at_one_norm_force. component paths: /forceset/gasmed_r. property element: n/a. bounds: [0.2, 0.8]
[2021-10-19 15:56:46.817] [cout] [info]   max_isometric_force_sart_r. model property name: passive_fiber_strain_at_one_norm_force. component paths: /forceset/sart_r. property element: n/a. bounds: [0.2, 0.8]
[2021-10-19 15:56:46.817] [cout] [info]   max_isometric_force_semimem_r. model property name: passive_fiber_strain_at_one_norm_force. component paths: /forceset/semimem_r. property element: n/a. bounds: [0.2, 0.8]
[2021-10-19 15:56:46.818] [cout] [info]   max_isometric_force_semiten_r. model property name: passive_fiber_strain_at_one_norm_force. component paths: /forceset/semiten_r. property element: n/a. bounds: [0.2, 0.8]
[2021-10-19 15:56:46.818] [cout] [info]   max_isometric_force_vasint_r. model property name: passive_fiber_strain_at_one_norm_force. component paths: /forceset/vasint_r. property element: n/a. bounds: [0.2, 0.8]
[2021-10-19 15:56:46.818] [cout] [info]   max_isometric_force_vaslat_r. model property name: passive_fiber_strain_at_one_norm_force. component paths: /forceset/vaslat_r. property element: n/a. bounds: [0.2, 0.8]
[2021-10-19 15:56:46.818] [cout] [info]   max_isometric_force_vasmed_r. model property name: passive_fiber_strain_at_one_norm_force. component paths: /forceset/vasmed_r. property element: n/a. bounds: [0.2, 0.8]
[2021-10-19 15:56:48.142] [info] Number of threads: 16
[2021-10-19 18:32:31.229] [info] Set log level to Info.
[2021-10-19 18:32:31.232] [info] ------------------------------------------------------------------------
[2021-10-19 18:32:31.232] [info] Elapsed real time: 9344 second(s) (2 hour(s), 35 minute(s), 44 second(s)).
[2021-10-19 18:32:31.232] [info] 10/19/2021 6:32:31 PM
[2021-10-19 18:32:31.232] [warning] MocoCasADiSolver did NOT succeed:
[2021-10-19 18:32:31.233] [warning]   Maximum_Iterations_Exceeded
[2021-10-19 18:32:31.233] [info] ========================================================================
[2021-10-20 10:59:18.722] [info] Loaded model OneDof_KneeFl from file C:\MyCloud\GitHub\Muscle_Tendon_Passive_Parameter_Estimation\Parameterestimation\..\ModelGenerator\OneDOF_Knee_DeGroote.osim
[2021-10-20 10:59:18.724] [warning] Couldn't find file 'r_pelvis.vtp'.
[2021-10-20 10:59:18.724] [warning] Couldn't find file 'l_pelvis.vtp'.
[2021-10-20 10:59:18.724] [warning] Couldn't find file 'sacrum.vtp'.
[2021-10-20 10:59:18.725] [warning] Couldn't find file 'r_femur.vtp'.
[2021-10-20 10:59:18.725] [warning] Couldn't find file 'r_tibia.vtp'.
[2021-10-20 10:59:18.726] [warning] Couldn't find file 'r_fibula.vtp'.
[2021-10-20 10:59:18.727] [warning] Couldn't find file 'r_patella.vtp'.
[2021-10-20 10:59:18.727] [warning] Couldn't find file 'r_talus.vtp'.
[2021-10-20 10:59:18.727] [warning] Couldn't find file 'r_foot.vtp'.
[2021-10-20 10:59:18.727] [warning] Couldn't find file 'r_bofoot.vtp'.
[2021-10-20 10:59:20.861] [info] ========================================================================
[2021-10-20 10:59:20.861] [info] MocoCasADiSolver starting.
[2021-10-20 10:59:20.861] [info] 10/20/2021 10:59:20 AM
[2021-10-20 10:59:20.861] [info] ------------------------------------------------------------------------
[2021-10-20 10:59:20.862] [cout] [info] Costs: (total: 2)
[2021-10-20 10:59:20.862] [cout] [info]   state_tracking. MocoStateTrackingGoal, enabled: true, mode: cost, weight: 0.25
[2021-10-20 10:59:20.862] [cout] [info]         state: /jointset/hip_r/hip_flexion_r/value, weight: 0.0
[2021-10-20 10:59:20.862] [cout] [info]         state: /jointset/walker_knee_r/knee_angle_r/value, weight: 1.0
[2021-10-20 10:59:20.862] [cout] [info]         state: /jointset/patellofemoral_r/knee_angle_r_beta/value, weight: 0.0
[2021-10-20 10:59:20.862] [cout] [info]         state: /jointset/ankle_r/ankle_angle_r/value, weight: 0.0
[2021-10-20 10:59:20.862] [cout] [info]         state: /jointset/hip_r/hip_flexion_r/speed, weight: 0.0
[2021-10-20 10:59:20.862] [cout] [info]         state: /jointset/walker_knee_r/knee_angle_r/speed, weight: 0.000100000
[2021-10-20 10:59:20.862] [cout] [info]         state: /jointset/patellofemoral_r/knee_angle_r_beta/speed, weight: 0.0
[2021-10-20 10:59:20.862] [cout] [info]         state: /jointset/ankle_r/ankle_angle_r/speed, weight: 0.0
[2021-10-20 10:59:20.862] [cout] [info]         state: /forceset/bflh_r/normalized_tendon_force, weight: 1.0
[2021-10-20 10:59:20.862] [cout] [info]         state: /forceset/gaslat_r/normalized_tendon_force, weight: 1.0
[2021-10-20 10:59:20.862] [cout] [info]         state: /forceset/gasmed_r/normalized_tendon_force, weight: 1.0
[2021-10-20 10:59:20.862] [cout] [info]         state: /forceset/semimem_r/normalized_tendon_force, weight: 1.0
[2021-10-20 10:59:20.862] [cout] [info]         state: /forceset/semiten_r/normalized_tendon_force, weight: 1.0
[2021-10-20 10:59:20.862] [cout] [info]         state: /forceset/vasint_r/normalized_tendon_force, weight: 1.0
[2021-10-20 10:59:20.862] [cout] [info]         state: /forceset/vaslat_r/normalized_tendon_force, weight: 1.0
[2021-10-20 10:59:20.862] [cout] [info]         state: /forceset/vasmed_r/normalized_tendon_force, weight: 1.0
[2021-10-20 10:59:20.863] [cout] [info]   kneeControlTracking. MocoControlTrackingGoal, enabled: true, mode: cost, weight: 0.0909091
[2021-10-20 10:59:20.863] [cout] [info]         control: /forceset/bflh_r, reference label: /forceset/bflh_r, weight: 1.0
[2021-10-20 10:59:20.863] [cout] [info]         control: /forceset/bfsh_r, reference label: /forceset/bfsh_r, weight: 1.0
[2021-10-20 10:59:20.863] [cout] [info]         control: /forceset/gaslat_r, reference label: /forceset/gaslat_r, weight: 1.0
[2021-10-20 10:59:20.863] [cout] [info]         control: /forceset/gasmed_r, reference label: /forceset/gasmed_r, weight: 1.0
[2021-10-20 10:59:20.863] [cout] [info]         control: /forceset/knee_act, reference label: /forceset/knee_act, weight: 10.0
[2021-10-20 10:59:20.863] [cout] [info]         control: /forceset/sart_r, reference label: /forceset/sart_r, weight: 1.0
[2021-10-20 10:59:20.863] [cout] [info]         control: /forceset/semimem_r, reference label: /forceset/semimem_r, weight: 1.0
[2021-10-20 10:59:20.863] [cout] [info]         control: /forceset/semiten_r, reference label: /forceset/semiten_r, weight: 1.0
[2021-10-20 10:59:20.863] [cout] [info]         control: /forceset/vasint_r, reference label: /forceset/vasint_r, weight: 1.0
[2021-10-20 10:59:20.863] [cout] [info]         control: /forceset/vaslat_r, reference label: /forceset/vaslat_r, weight: 1.0
[2021-10-20 10:59:20.863] [cout] [info]         control: /forceset/vasmed_r, reference label: /forceset/vasmed_r, weight: 1.0
[2021-10-20 10:59:20.863] [cout] [info] Endpoint constraints: none
[2021-10-20 10:59:20.863] [cout] [info] Kinematic constraints: (total: 3)
[2021-10-20 10:59:20.863] [cout] [info]   kinematic_constraint_cid0. MocoConstraintInfo. number of scalar equations: 3. bounds: 0, 0, 0
[2021-10-20 10:59:20.864] [cout] [info]   kinematic_constraint_cid3. MocoConstraintInfo. number of scalar equations: 3. bounds: 0, 0, 0
[2021-10-20 10:59:20.864] [cout] [info]   kinematic_constraint_cid4. MocoConstraintInfo. number of scalar equations: 3. bounds: 0, 0, 0
[2021-10-20 10:59:20.864] [cout] [info] Path constraints: none
[2021-10-20 10:59:20.864] [cout] [info] States: (total: 16)
[2021-10-20 10:59:20.864] [cout] [info]   /jointset/walker_knee_r/knee_angle_r/value. bounds: [0, 1.6]
[2021-10-20 10:59:20.864] [cout] [info]   /forceset/bflh_r/normalized_tendon_force. bounds: [0, 5]
[2021-10-20 10:59:20.864] [cout] [info]   /forceset/gaslat_r/normalized_tendon_force. bounds: [0, 5]
[2021-10-20 10:59:20.864] [cout] [info]   /forceset/gasmed_r/normalized_tendon_force. bounds: [0, 5]
[2021-10-20 10:59:20.864] [cout] [info]   /forceset/semimem_r/normalized_tendon_force. bounds: [0, 5]
[2021-10-20 10:59:20.864] [cout] [info]   /forceset/semiten_r/normalized_tendon_force. bounds: [0, 5]
[2021-10-20 10:59:20.864] [cout] [info]   /forceset/vasint_r/normalized_tendon_force. bounds: [0, 5]
[2021-10-20 10:59:20.864] [cout] [info]   /forceset/vaslat_r/normalized_tendon_force. bounds: [0, 5]
[2021-10-20 10:59:20.864] [cout] [info]   /forceset/vasmed_r/normalized_tendon_force. bounds: [0, 5]
[2021-10-20 10:59:20.864] [cout] [info]   /jointset/ankle_r/ankle_angle_r/value. bounds: [-0.4, 0.4]
[2021-10-20 10:59:20.864] [cout] [info]   /jointset/hip_r/hip_flexion_r/value. bounds: [-0.523599, 2.0944]
[2021-10-20 10:59:20.864] [cout] [info]   /jointset/ankle_r/ankle_angle_r/speed. bounds: [-50, 50]
[2021-10-20 10:59:20.865] [cout] [info]   /jointset/hip_r/hip_flexion_r/speed. bounds: [-50, 50]
[2021-10-20 10:59:20.865] [cout] [info]   /jointset/walker_knee_r/knee_angle_r/speed. bounds: [-50, 50]
[2021-10-20 10:59:20.865] [cout] [info]   /jointset/patellofemoral_r/knee_angle_r_beta/value. bounds: [-99999.9, 99999.9]
[2021-10-20 10:59:20.865] [cout] [info]   /jointset/patellofemoral_r/knee_angle_r_beta/speed. bounds: [-50, 50]
[2021-10-20 10:59:20.865] [cout] [info] Controls: (total: 11)
[2021-10-20 10:59:20.865] [cout] [info]   /forceset/semiten_r. bounds: 0
[2021-10-20 10:59:20.865] [cout] [info]   /forceset/knee_act. bounds: [-1, 1]
[2021-10-20 10:59:20.865] [cout] [info]   /forceset/bflh_r. bounds: 0
[2021-10-20 10:59:20.865] [cout] [info]   /forceset/vaslat_r. bounds: 0
[2021-10-20 10:59:20.865] [cout] [info]   /forceset/bfsh_r. bounds: 0
[2021-10-20 10:59:20.865] [cout] [info]   /forceset/gaslat_r. bounds: 0
[2021-10-20 10:59:20.865] [cout] [info]   /forceset/gasmed_r. bounds: 0
[2021-10-20 10:59:20.866] [cout] [info]   /forceset/sart_r. bounds: 0
[2021-10-20 10:59:20.866] [cout] [info]   /forceset/semimem_r. bounds: 0
[2021-10-20 10:59:20.866] [cout] [info]   /forceset/vasint_r. bounds: 0
[2021-10-20 10:59:20.866] [cout] [info]   /forceset/vasmed_r. bounds: 0
[2021-10-20 10:59:20.866] [cout] [info] Parameters: (total: 10)
[2021-10-20 10:59:20.866] [cout] [info]   max_isometric_force_bflh_r. model property name: passive_fiber_strain_at_one_norm_force. component paths: /forceset/bflh_r. property element: n/a. bounds: [0.2, 0.8]
[2021-10-20 10:59:20.866] [cout] [info]   max_isometric_force_bfsh_r. model property name: passive_fiber_strain_at_one_norm_force. component paths: /forceset/bfsh_r. property element: n/a. bounds: [0.2, 0.8]
[2021-10-20 10:59:20.867] [cout] [info]   max_isometric_force_gaslat_r. model property name: passive_fiber_strain_at_one_norm_force. component paths: /forceset/gaslat_r. property element: n/a. bounds: [0.2, 0.8]
[2021-10-20 10:59:20.867] [cout] [info]   max_isometric_force_gasmed_r. model property name: passive_fiber_strain_at_one_norm_force. component paths: /forceset/gasmed_r. property element: n/a. bounds: [0.2, 0.8]
[2021-10-20 10:59:20.867] [cout] [info]   max_isometric_force_sart_r. model property name: passive_fiber_strain_at_one_norm_force. component paths: /forceset/sart_r. property element: n/a. bounds: [0.2, 0.8]
[2021-10-20 10:59:20.867] [cout] [info]   max_isometric_force_semimem_r. model property name: passive_fiber_strain_at_one_norm_force. component paths: /forceset/semimem_r. property element: n/a. bounds: [0.2, 0.8]
[2021-10-20 10:59:20.867] [cout] [info]   max_isometric_force_semiten_r. model property name: passive_fiber_strain_at_one_norm_force. component paths: /forceset/semiten_r. property element: n/a. bounds: [0.2, 0.8]
[2021-10-20 10:59:20.867] [cout] [info]   max_isometric_force_vasint_r. model property name: passive_fiber_strain_at_one_norm_force. component paths: /forceset/vasint_r. property element: n/a. bounds: [0.2, 0.8]
[2021-10-20 10:59:20.867] [cout] [info]   max_isometric_force_vaslat_r. model property name: passive_fiber_strain_at_one_norm_force. component paths: /forceset/vaslat_r. property element: n/a. bounds: [0.2, 0.8]
[2021-10-20 10:59:20.867] [cout] [info]   max_isometric_force_vasmed_r. model property name: passive_fiber_strain_at_one_norm_force. component paths: /forceset/vasmed_r. property element: n/a. bounds: [0.2, 0.8]
[2021-10-20 10:59:21.509] [info] Number of threads: 16
[2021-10-20 12:18:08.825] [info] Set log level to Info.
[2021-10-20 12:18:08.830] [info] ------------------------------------------------------------------------
[2021-10-20 12:18:08.830] [info] Elapsed real time: 4728 second(s) (1 hour(s), 18 minute(s), 48 second(s)).
[2021-10-20 12:18:08.830] [info] 10/20/2021 12:18:08 PM
[2021-10-20 12:18:08.830] [info] MocoCasADiSolver succeeded!
[2021-10-20 12:18:08.830] [info] ========================================================================
[2021-10-21 11:38:55.573] [info] Loaded model OneDof_KneeFl from file C:\MyCloud\GitHub\Muscle_Tendon_Passive_Parameter_Estimation\Parameterestimation\..\ModelGenerator\OneDOF_Knee_DeGroote.osim
[2021-10-21 11:38:55.575] [warning] Couldn't find file 'r_pelvis.vtp'.
[2021-10-21 11:38:55.576] [warning] Couldn't find file 'l_pelvis.vtp'.
[2021-10-21 11:38:55.576] [warning] Couldn't find file 'sacrum.vtp'.
[2021-10-21 11:38:55.576] [warning] Couldn't find file 'r_femur.vtp'.
[2021-10-21 11:38:55.577] [warning] Couldn't find file 'r_tibia.vtp'.
[2021-10-21 11:38:55.577] [warning] Couldn't find file 'r_fibula.vtp'.
[2021-10-21 11:38:55.577] [warning] Couldn't find file 'r_patella.vtp'.
[2021-10-21 11:38:55.578] [warning] Couldn't find file 'r_talus.vtp'.
[2021-10-21 11:38:55.578] [warning] Couldn't find file 'r_foot.vtp'.
[2021-10-21 11:38:55.578] [warning] Couldn't find file 'r_bofoot.vtp'.
